\BOOKMARK [0][-]{chapter.1}{Introduction}{}% 1
\BOOKMARK [1][-]{section.1.1}{Ausgangssituation}{chapter.1}% 2
\BOOKMARK [2][-]{subsection.1.1.1}{Test Platform}{section.1.1}% 3
\BOOKMARK [1][-]{section.1.2}{Zielsetzung}{chapter.1}% 4
\BOOKMARK [0][-]{chapter.2}{Basic Knowledge}{}% 5
\BOOKMARK [1][-]{section.2.1}{Roundabouts in Law}{chapter.2}% 6
\BOOKMARK [2][-]{subsection.2.1.1}{Elements of a Roundabout}{section.2.1}% 7
\BOOKMARK [2][-]{subsection.2.1.2}{Types of Roundabouts}{section.2.1}% 8
\BOOKMARK [1][-]{section.2.2}{Random Sample Consensus}{chapter.2}% 9
\BOOKMARK [1][-]{section.2.3}{Density-Based Spatial Clustering of Applications with Noise}{chapter.2}% 10
\BOOKMARK [1][-]{section.2.4}{Middleware OpenDAVINCI}{chapter.2}% 11
\BOOKMARK [0][-]{chapter.3}{State of the Art}{}% 12
\BOOKMARK [0][-]{chapter.4}{Methodology}{}% 13
\BOOKMARK [0][-]{chapter.5}{Research}{}% 14
\BOOKMARK [1][-]{section.5.1}{Objekt Detection}{chapter.5}% 15
\BOOKMARK [2][-]{subsection.5.1.1}{Ground Removal}{section.5.1}% 16
\BOOKMARK [2][-]{subsection.5.1.2}{Clustering}{section.5.1}% 17
\BOOKMARK [2][-]{subsection.5.1.3}{Tracking}{section.5.1}% 18
\BOOKMARK [2][-]{subsection.5.1.4}{Classification}{section.5.1}% 19
\BOOKMARK [2][-]{subsection.5.1.5}{State Estimation}{section.5.1}% 20
\BOOKMARK [1][-]{section.5.2}{Simuation}{chapter.5}% 21
\BOOKMARK [2][-]{subsection.5.2.1}{Simuation Scenario}{section.5.2}% 22
\BOOKMARK [2][-]{subsection.5.2.2}{Simulation Logic}{section.5.2}% 23
\BOOKMARK [0][-]{chapter.6}{Evaluation}{}% 24
\BOOKMARK [1][-]{section.6.1}{Simuation}{chapter.6}% 25
\BOOKMARK [1][-]{section.6.2}{Real Measurements}{chapter.6}% 26
\BOOKMARK [0][-]{chapter.7}{Conclusions}{}% 27
\BOOKMARK [0][-]{chapter.8}{Future Work}{}% 28
